<?xml version="1.0" encoding="UTF-8"?>
<testsuite name="qa.addressbook.DeleteGroup" tests="1" skipped="0" failures="0" errors="0" timestamp="2019-11-20T12:16:02" hostname="Tester1509" time="5.443">
  <properties/>
  <testcase name="testDeleteGroup" classname="qa.addressbook.DeleteGroup" time="5.443"/>
  <system-out><![CDATA[]]></system-out>
  <system-err><![CDATA[Starting ChromeDriver 78.0.3904.70 (edb9c9f3de0247fd912a77b7f6cae7447f6d3ad5-refs/branch-heads/3904@{#800}) on port 32467
Only local connections are allowed.
Please protect ports used by ChromeDriver and related test frameworks to prevent access by malicious code.
Nov 20, 2019 3:16:05 PM org.openqa.selenium.remote.ProtocolHandshake createSession
INFO: Detected dialect: W3C
]]></system-err>
</testsuite>
